[2025-04-12 19:08:27] Session data: Array
(
    [id] => kiran@123.
    [rank] => student
)

[2025-04-12 19:08:27] POST data: Array
(
)

[2025-04-12 19:08:27] Current user ID: kiran@123., Rank: student
[2025-04-12 19:08:27] User query successful, found 12 users
[2025-04-12 19:08:27] Found 7 total messages in the system
[2025-04-12 19:08:40] Session data: Array
(
    [id] => kiran@123.
    [rank] => student
)

[2025-04-12 19:08:40] POST data: Array
(
)

[2025-04-12 19:08:40] Current user ID: kiran@123., Rank: student
[2025-04-12 19:08:40] User query successful, found 12 users
[2025-04-12 19:08:41] Found 7 total messages in the system
[2025-04-12 19:08:54] Session data: Array
(
    [id] => kiran@123.
    [rank] => student
)

[2025-04-12 19:08:54] POST data: Array
(
)

[2025-04-12 19:08:54] Current user ID: kiran@123., Rank: student
[2025-04-12 19:08:54] User query successful, found 12 users
[2025-04-12 19:08:54] Found 7 total messages in the system
[2025-04-12 19:09:20] Session data: Array
(
    [id] => kiran@123.
    [rank] => student
)

[2025-04-12 19:09:20] POST data: Array
(
)

[2025-04-12 19:09:20] Current user ID: kiran@123., Rank: student
[2025-04-12 19:09:20] User query successful, found 12 users
[2025-04-12 19:09:20] Found 7 total messages in the system
[2025-04-12 19:10:01] Session data: Array
(
    [id] => kiran@123.
    [rank] => student
)

[2025-04-12 19:10:01] POST data: Array
(
)

[2025-04-12 19:10:01] Current user ID: kiran@123., Rank: student
[2025-04-12 19:10:01] User query successful, found 12 users
[2025-04-12 19:10:01] Found 7 total messages in the system
[2025-04-12 19:10:50] Session data: Array
(
    [id] => kiran@123.
    [rank] => student
)

[2025-04-12 19:10:50] POST data: Array
(
)

[2025-04-12 19:10:50] Current user ID: kiran@123., Rank: student
[2025-04-12 19:10:50] User query successful, found 12 users
[2025-04-12 19:10:50] Found 7 total messages in the system
